Using pre-set license
Built from '2022.3/staging' branch; Version is '2022.3.29f1 (8d510ca76d2b) revision 9261324'; Using compiler version '192829333'; Build Type 'Release'
OS: 'Windows 11  (10.0.22000) 64bit Core' Language: 'en' Physical Memory: 15776 MB
BatchMode: 1, IsHumanControllingUs: 0, StartBugReporterOnCrash: 0, Is64bit: 1, IsPro: 1

COMMAND LINE ARGUMENTS:
C:\Program Files\Unity\Hub\Editor\2022.3.29f1\Editor\Unity.exe
-adb2
-batchMode
-noUpm
-name
AssetImportWorker5
-projectPath
C:/Users/willi/Documents/Unity2DGasDynamics/Simulation2D
-logFile
Logs/AssetImportWorker5.log
-srvPort
54699
Successfully changed project path to: C:/Users/willi/Documents/Unity2DGasDynamics/Simulation2D
C:/Users/willi/Documents/Unity2DGasDynamics/Simulation2D
[UnityMemory] Configuration Parameters - Can be set up in boot.config
    "memorysetup-bucket-allocator-granularity=16"
    "memorysetup-bucket-allocator-bucket-count=8"
    "memorysetup-bucket-allocator-block-size=33554432"
    "memorysetup-bucket-allocator-block-count=8"
    "memorysetup-main-allocator-block-size=16777216"
    "memorysetup-thread-allocator-block-size=16777216"
    "memorysetup-gfx-main-allocator-block-size=16777216"
    "memorysetup-gfx-thread-allocator-block-size=16777216"
    "memorysetup-cache-allocator-block-size=4194304"
    "memorysetup-typetree-allocator-block-size=2097152"
    "memorysetup-profiler-bucket-allocator-granularity=16"
    "memorysetup-profiler-bucket-allocator-bucket-count=8"
    "memorysetup-profiler-bucket-allocator-block-size=33554432"
    "memorysetup-profiler-bucket-allocator-block-count=8"
    "memorysetup-profiler-allocator-block-size=16777216"
    "memorysetup-profiler-editor-allocator-block-size=1048576"
    "memorysetup-temp-allocator-size-main=16777216"
    "memorysetup-job-temp-allocator-block-size=2097152"
    "memorysetup-job-temp-allocator-block-size-background=1048576"
    "memorysetup-job-temp-allocator-reduction-small-platforms=262144"
    "memorysetup-allocator-temp-initial-block-size-main=262144"
    "memorysetup-allocator-temp-initial-block-size-worker=262144"
    "memorysetup-temp-allocator-size-background-worker=32768"
    "memorysetup-temp-allocator-size-job-worker=262144"
    "memorysetup-temp-allocator-size-preload-manager=33554432"
    "memorysetup-temp-allocator-size-nav-mesh-worker=65536"
    "memorysetup-temp-allocator-size-audio-worker=65536"
    "memorysetup-temp-allocator-size-cloud-worker=32768"
    "memorysetup-temp-allocator-size-gi-baking-worker=262144"
    "memorysetup-temp-allocator-size-gfx=262144"
Player connection [32300] Host "[IP] 192.168.86.166 [Port] 0 [Flags] 2 [Guid] 1720997242 [EditorId] 1720997242 [Version] 1048832 [Id] WindowsEditor(7,LAPTOP-7LT4RAO8) [Debug] 1 [PackageName] WindowsEditor [ProjectName] Editor" joined multi-casting on [225.0.0.222:54997]...

Player connection [32300] Host "[IP] 192.168.86.166 [Port] 0 [Flags] 2 [Guid] 1720997242 [EditorId] 1720997242 [Version] 1048832 [Id] WindowsEditor(7,LAPTOP-7LT4RAO8) [Debug] 1 [PackageName] WindowsEditor [ProjectName] Editor" joined alternative multi-casting on [225.0.0.222:34997]...

[Physics::Module] Initialized MultithreadedJobDispatcher with 15 workers.
Refreshing native plugins compatible for Editor in 195.61 ms, found 4 plugins.
Preloading 0 native plugins for Editor in 0.00 ms.
Initialize engine version: 2022.3.29f1 (8d510ca76d2b)
[Subsystems] Discovering subsystems at path C:/Program Files/Unity/Hub/Editor/2022.3.29f1/Editor/Data/Resources/UnitySubsystems
[Subsystems] Discovering subsystems at path C:/Users/willi/Documents/Unity2DGasDynamics/Simulation2D/Assets
GfxDevice: creating device client; threaded=0; jobified=0
Direct3D:
    Version:  Direct3D 11.0 [level 11.1]
    Renderer: NVIDIA GeForce RTX 3070 Laptop GPU (ID=0x249d)
    Vendor:   NVIDIA
    VRAM:     8020 MB
    Driver:   31.0.15.5123
Initialize mono
Mono path[0] = 'C:/Program Files/Unity/Hub/Editor/2022.3.29f1/Editor/Data/Managed'
Mono path[1] = 'C:/Program Files/Unity/Hub/Editor/2022.3.29f1/Editor/Data/MonoBleedingEdge/lib/mono/unityjit-win32'
Mono config path = 'C:/Program Files/Unity/Hub/Editor/2022.3.29f1/Editor/Data/MonoBleedingEdge/etc'
Using monoOptions --debugger-agent=transport=dt_socket,embedding=1,server=y,suspend=n,address=127.0.0.1:56416
Begin MonoManager ReloadAssembly
Registering precompiled unity dll's ...
Register platform support module: C:/Program Files/Unity/Hub/Editor/2022.3.29f1/Editor/Data/PlaybackEngines/WebGLSupport/UnityEditor.WebGL.Extensions.dll
Register platform support module: C:/Program Files/Unity/Hub/Editor/2022.3.29f1/Editor/Data/PlaybackEngines/WindowsStandaloneSupport/UnityEditor.WindowsStandalone.Extensions.dll
Registered in 0.009350 seconds.
- Loaded All Assemblies, in  0.470 seconds
Native extension for WindowsStandalone target not found
Native extension for WebGL target not found
Mono: successfully reloaded assembly
- Finished resetting the current domain, in  0.251 seconds
Domain Reload Profiling: 719ms
	BeginReloadAssembly (111ms)
		ExecutionOrderSort (0ms)
		DisableScriptedObjects (0ms)
		BackupInstance (0ms)
		ReleaseScriptingObjects (0ms)
		CreateAndSetChildDomain (1ms)
	RebuildCommonClasses (34ms)
	RebuildNativeTypeToScriptingClass (9ms)
	initialDomainReloadingComplete (69ms)
	LoadAllAssembliesAndSetupDomain (245ms)
		LoadAssemblies (108ms)
		RebuildTransferFunctionScriptingTraits (0ms)
		AnalyzeDomain (242ms)
			TypeCache.Refresh (241ms)
				TypeCache.ScanAssembly (229ms)
			ScanForSourceGeneratedMonoScriptInfo (0ms)
			ResolveRequiredComponents (0ms)
	FinalizeReload (251ms)
		ReleaseScriptCaches (0ms)
		RebuildScriptCaches (0ms)
		SetupLoadedEditorAssemblies (197ms)
			LogAssemblyErrors (0ms)
			InitializePlatformSupportModulesInManaged (9ms)
			SetLoadedEditorAssemblies (4ms)
			RefreshPlugins (0ms)
			BeforeProcessingInitializeOnLoad (2ms)
			ProcessInitializeOnLoadAttributes (132ms)
			ProcessInitializeOnLoadMethodAttributes (49ms)
			AfterProcessingInitializeOnLoad (0ms)
			EditorAssembliesLoaded (0ms)
		ExecutionOrderSort2 (0ms)
		AwakeInstancesAfterBackupRestoration (0ms)
========================================================================
Worker process is ready to serve import requests
Begin MonoManager ReloadAssembly
- Loaded All Assemblies, in  0.690 seconds
Refreshing native plugins compatible for Editor in 5.68 ms, found 4 plugins.
Native extension for WindowsStandalone target not found
Native extension for WebGL target not found
Package Manager log level set to [2]
[Package Manager] Server::EnsureServerProcessIsRunning -- launch failed, reason: Unity was launched with the -noUpm command-line argument
[Package Manager] UpmClient::Send -- Unable to send message (not connected to UPM process).
[Package Manager] Cannot connect to Unity Package Manager local server
Mono: successfully reloaded assembly
- Finished resetting the current domain, in  0.616 seconds
Domain Reload Profiling: 1302ms
	BeginReloadAssembly (127ms)
		ExecutionOrderSort (0ms)
		DisableScriptedObjects (5ms)
		BackupInstance (0ms)
		ReleaseScriptingObjects (0ms)
		CreateAndSetChildDomain (21ms)
	RebuildCommonClasses (28ms)
	RebuildNativeTypeToScriptingClass (9ms)
	initialDomainReloadingComplete (39ms)
	LoadAllAssembliesAndSetupDomain (482ms)
		LoadAssemblies (312ms)
		RebuildTransferFunctionScriptingTraits (0ms)
		AnalyzeDomain (244ms)
			TypeCache.Refresh (210ms)
				TypeCache.ScanAssembly (151ms)
			ScanForSourceGeneratedMonoScriptInfo (25ms)
			ResolveRequiredComponents (8ms)
	FinalizeReload (617ms)
		ReleaseScriptCaches (0ms)
		RebuildScriptCaches (0ms)
		SetupLoadedEditorAssemblies (508ms)
			LogAssemblyErrors (0ms)
			InitializePlatformSupportModulesInManaged (7ms)
			SetLoadedEditorAssemblies (4ms)
			RefreshPlugins (0ms)
			BeforeProcessingInitializeOnLoad (84ms)
			ProcessInitializeOnLoadAttributes (319ms)
			ProcessInitializeOnLoadMethodAttributes (85ms)
			AfterProcessingInitializeOnLoad (8ms)
			EditorAssembliesLoaded (0ms)
		ExecutionOrderSort2 (0ms)
		AwakeInstancesAfterBackupRestoration (5ms)
Failed to load shader (instanceID 456, GUID 5f1864addb451f54bae8c86d230f736e)
Failed to load shader (instanceID 506, GUID 8516d7a69675844a7a0b7095af7c46af)
Failed to load shader (instanceID 526, GUID c8b6a681c7b4e2e4785ffab093907f9e)
Failed to load shader (instanceID 418, GUID ec9fec698a3456d4fb18cf8bacb7a2bc)
Failed to load shader (instanceID 448, GUID 5e7134d6e63e0bc47a1dd2669cedb379)
Failed to load shader (instanceID 486, GUID 0f4122b9a743b744abe2fb6a0a88868b)
Failed to load shader (instanceID 510, GUID d5a307c014552314b9f560906d708772)
Failed to load shader (instanceID 530, GUID 0a7e590f3cf1d4ee8a8fab5b6eff09ef)
Failed to load shader (instanceID 556, GUID 21322c8b137c66e49b86085d3c8161f6)
Failed to load shader (instanceID 512, GUID 8fbe92a9edfe6074e841d6dd1509bc59)
Failed to load shader (instanceID 410, GUID d6dae50ee9e1bfa4db75f19f99355220)
Failed to load shader (instanceID 572, GUID 573620ae32aec764abd4d728906d2587)
Failed to load shader (instanceID 416, GUID 65df88701913c224d95fc554db28381a)
Failed to load shader (instanceID 568, GUID 650dd9526735d5b46b79224bc6e94025)
Failed to load shader (instanceID 450, GUID 2aed67ad60045d54ba3a00c91e2d2631)
Failed to load shader (instanceID 532, GUID 74b1585886a85614aa34e2c8e303c77a)
Failed to load shader (instanceID 462, GUID e8ee25143a34b8c4388709ea947055d1)
Failed to load shader (instanceID 444, GUID 1121bb4e615ca3c48b214e79e841e823)
Failed to load shader (instanceID 414, GUID 04c410c9937594faa893a11dceb85f7e)
Failed to load shader (instanceID 574, GUID 3230fdc399f8287488325e5941a00527)
Failed to load shader (instanceID 576, GUID a16365e8c873daa4c94919438490b905)
Failed to load shader (instanceID 566, GUID 4431b1f1f743fbf4eb310a967890cbea)
Failed to load shader (instanceID 564, GUID e9155b26e1bc55942a41e518703fe304)
Failed to load shader (instanceID 500, GUID 5caf62d8bd7c44596ace77ef9eb8ea31)
Failed to load shader (instanceID 480, GUID f6783ab646d374f94b199774402a5144)
Failed to load shader (instanceID 578, GUID 9c442dc870b456e48b615cd8add0e9ef)
Failed to load shader (instanceID 580, GUID 77cfa04f893eb8745b6a454a3d51b43c)
Failed to load shader (instanceID 570, GUID 19dfbb09098c9584a83c956fbd6c5d79)
Failed to load shader (instanceID 558, GUID 8d2bb70cbf9db8d4da26e15b26e74248)
Failed to load shader (instanceID 582, GUID 0d0f817524897904ba47a6a1d55e7668)
Failed to load shader (instanceID 442, GUID e6e9a19c3678ded42a3bc431ebef7dbd)
Failed to load shader (instanceID 508, GUID d104b2fc1ca6445babb8e90b0758136b)
Failed to load shader (instanceID 420, GUID e7857e9d0c934dc4f83f270f8447b006)
Failed to load shader (instanceID 584, GUID 603d454d711fe784cba9ce08dd22b881)
Failed to load shader (instanceID 562, GUID ee7e4c9a5f6364b688a332c67fc32cca)
Failed to load shader (instanceID 438, GUID de02b375720b5c445afe83cd483bedf3)
Failed to load shader (instanceID 432, GUID 93446b5c5339d4f00b85c159e1159b7c)
Failed to load shader (instanceID 542, GUID 5fd9a8feb75a4b5894c241777f519d4e)
Failed to load shader (instanceID 502, GUID da07703fcc09f8d4799221050659bd55)
Failed to load shader (instanceID 554, GUID e8b802ac01d87144b91f12f40c1f2659)
Failed to load shader (instanceID 586, GUID 0a8f4dcd626bcd14bbbfa5a5e116b16e)
Failed to load shader (instanceID 588, GUID 2df96b66b5510f94b98df2ac6f926ef4)
Failed to load shader (instanceID 494, GUID 69c1f799e772cb6438f56c23efccb782)
Failed to load shader (instanceID 590, GUID 7cbb3655339ec401ca75ba5fe26884f4)
Failed to load shader (instanceID 592, GUID 61e53729ad706d049b12a441f328fe34)
Failed to load shader (instanceID 428, GUID e35a31e1679aeff489e202f5cc4853d5)
Failed to load shader (instanceID 594, GUID 36e335017ad71d54fbb10842863188ae)
Failed to load shader (instanceID 484, GUID 29868e73b638e48ca99a19ea58c48d90)
Failed to load shader (instanceID 460, GUID 6cda457ac28612740adb23da5d39ea92)
Failed to load shader (instanceID 498, GUID 50b406436c6214c49aaaa6011b71dde8)
Failed to load shader (instanceID 434, GUID ce09d4a80b88c5a4eb9768fab4f1ee00)
Failed to load shader (instanceID 596, GUID bedd19944f451ba4d83e7ed69be98d5c)
Failed to load shader (instanceID 472, GUID e39bd598ce13f44ba8af997d3e42cd18)
Failed to load shader (instanceID 458, GUID 131f1b93a4ebd459ba87b6bad055fb33)
Failed to load shader (instanceID 470, GUID 13c02b14c4d048fa9653293d54f6e0e1)
Failed to load shader (instanceID 598, GUID 4386e57b23a56004c93e1d57d2bbcb4f)
Failed to load shader (instanceID 436, GUID 44fc62292b65ab04eabcf310e799ccf6)
Failed to load shader (instanceID 430, GUID c7d04ca57e5449d49ad9cee1c604bc26)
Failed to load shader (instanceID 536, GUID 0ca6dca7396eb48e5849247ffd444914)
Failed to load shader (instanceID 514, GUID b7839dad95683814aa64166edc107ae2)
Failed to load shader (instanceID 424, GUID d79e1c784eaf80c4585c0be7391f757a)
Failed to load shader (instanceID 422, GUID cf852408f2e174538bcd9b7fda1c5ae7)
Failed to load shader (instanceID 464, GUID 562b7ae4f629f144aa97780546fce7c6)
Failed to load shader (instanceID 504, GUID f056d8bd2a1c7e44e9729144b4c70395)
Failed to load shader (instanceID 468, GUID e260cfa7296ee7642b167f1eb5be5023)
Failed to load shader (instanceID 492, GUID 0406db5a14f94604a8c57ccfbc9f3b46)
Failed to load shader (instanceID 600, GUID 95e15a77195eb574ab82aaac18b1c796)
Failed to load shader (instanceID 520, GUID 0849e84e3d62649e8882e9d6f056a017)
Failed to load shader (instanceID 440, GUID 77774d9009bb81447b048c907d4c6273)
Failed to load shader (instanceID 522, GUID 99134b1f0c27d54469a840832a28fadf)
Failed to load shader (instanceID 552, GUID 5ec81c81908db34429b4f6ddecadd3bd)
Failed to load shader (instanceID 452, GUID 1edcd131364091c46a17cbff0b1de97a)
Failed to load shader (instanceID 548, GUID 7f888aff2ac86494babad1c2c5daeee2)
Failed to load shader (instanceID 446, GUID 63eaba0ebfb82cc43bde059b4a8c65f6)
Failed to load shader (instanceID 546, GUID 60e10855641b4d84da68ec72e6f6eeb8)
Failed to load shader (instanceID 408, GUID c17132b1f77d20942aa75f8429c0f8bc)
Failed to load shader (instanceID 466, GUID c49e63ed1bbcb334780a3bd19dfed403)
Failed to load shader (instanceID 524, GUID a89bee29cffa951418fc1e2da94d1959)
Failed to load shader (instanceID 518, GUID c56b7e0d4c7cb484e959caeeedae9bbf)
Failed to load shader (instanceID 454, GUID a15b78cf8ca26ca4fb2090293153c62c)
Failed to load shader (instanceID 490, GUID 933532a4fcc9baf4fa0491de14d08ed7)
Failed to load shader (instanceID 482, GUID e507fdfead5ca47e8b9a768b51c291a1)
Failed to load shader (instanceID 544, GUID 7b3ede40266cd49a395def176e1bc486)
Failed to load shader (instanceID 426, GUID 7e60080c8cd24a2468cb08b4bfee5606)
Failed to load shader (instanceID 412, GUID 0f854b35a0cf61a429bd5dcfea30eddd)
Launched and connected shader compiler UnityShaderCompiler.exe after 0.06 seconds
Refreshing native plugins compatible for Editor in 6.21 ms, found 4 plugins.
Preloading 0 native plugins for Editor in 0.00 ms.
Unloading 7 Unused Serialized files (Serialized files now loaded: 0)
Unloading 3 unused Assets / (42.3 KB). Loaded Objects now: 494.
Memory consumption went from 73.5 MB to 73.5 MB.
Total: 3.305700 ms (FindLiveObjects: 0.045700 ms CreateObjectMapping: 0.003200 ms MarkObjects: 3.184200 ms  DeleteObjects: 0.071600 ms)

AssetImportParameters requested are different than current active one (requested -> active):
  custom:container-demuxer-ogg: 62fdf1f143b41e24485cea50d1cbac27 -> 
  custom:video-codec-MediaFoundation-h265: 746d11721c4dcdbdad8f713fa42b33f4 -> 
  custom:video-decoder-ogg-theora: a1e56fd34408186e4bbccfd4996cb3dc -> 
  custom:scripting/monoscript/fileName/Simulation2D.cs: b21687ddb03d73bd9f0c1daecb9714de -> 
  custom:framework-win-MediaFoundation: 216162199b28c13a410421893ffa2e32 -> 
  custom:scripting/monoscript/fileName/NewBehaviourScript.cs: b21687ddb03d73bd9f0c1daecb9714de -> 
  custom:CustomObjectIndexerAttribute: 72b91833f83ae208fae7752999fa3104 -> 
  custom:container-demuxer-webm: 4f35f7cbe854078d1ac9338744f61a02 -> 
  custom:container-muxer-webm: aa71ff27fc2769a1b78a27578f13a17b -> 
  custom:video-decoder-webm-vp8: 9c59270c3fd7afecdb556c50c9e8de78 -> 
  custom:SearchIndexIgnoredProperties: e643bd26f0fe6173181afceb89e7c659 -> 
  custom:AudioImporter_EditorPlatform: d09bf68614088b80899f8185d706f6e7 -> 
  custom:video-encoder-webm-vp8: eb34c28f22e8b96e1ab97ce403110664 -> 
  custom:audio-decoder-ogg-vorbis: bf7c407c2cedff20999df2af8eb42d56 -> 
  custom:scripting/monoscript/fileName/SphereDrawer.cs: d4e0edd150494611f73020729b04eeb8 -> 
  custom:audio-encoder-webm-vorbis: bf7c407c2cedff20999df2af8eb42d56 -> 
========================================================================
Received Prepare
Begin MonoManager ReloadAssembly
- Loaded All Assemblies, in  0.514 seconds
Refreshing native plugins compatible for Editor in 5.65 ms, found 4 plugins.
Native extension for WindowsStandalone target not found
Native extension for WebGL target not found
[Package Manager] Server::EnsureServerProcessIsRunning -- launch failed, reason: Unity was launched with the -noUpm command-line argument
[Package Manager] UpmClient::Send -- Unable to send message (not connected to UPM process).
[Package Manager] Cannot connect to Unity Package Manager local server
Mono: successfully reloaded assembly
- Finished resetting the current domain, in  0.549 seconds
Domain Reload Profiling: 1059ms
	BeginReloadAssembly (160ms)
		ExecutionOrderSort (0ms)
		DisableScriptedObjects (10ms)
		BackupInstance (0ms)
		ReleaseScriptingObjects (0ms)
		CreateAndSetChildDomain (42ms)
	RebuildCommonClasses (30ms)
	RebuildNativeTypeToScriptingClass (10ms)
	initialDomainReloadingComplete (30ms)
	LoadAllAssembliesAndSetupDomain (279ms)
		LoadAssemblies (318ms)
		RebuildTransferFunctionScriptingTraits (0ms)
		AnalyzeDomain (39ms)
			TypeCache.Refresh (8ms)
				TypeCache.ScanAssembly (0ms)
			ScanForSourceGeneratedMonoScriptInfo (21ms)
			ResolveRequiredComponents (9ms)
	FinalizeReload (550ms)
		ReleaseScriptCaches (0ms)
		RebuildScriptCaches (0ms)
		SetupLoadedEditorAssemblies (437ms)
			LogAssemblyErrors (0ms)
			InitializePlatformSupportModulesInManaged (7ms)
			SetLoadedEditorAssemblies (5ms)
			RefreshPlugins (0ms)
			BeforeProcessingInitializeOnLoad (87ms)
			ProcessInitializeOnLoadAttributes (264ms)
			ProcessInitializeOnLoadMethodAttributes (66ms)
			AfterProcessingInitializeOnLoad (7ms)
			EditorAssembliesLoaded (0ms)
		ExecutionOrderSort2 (0ms)
		AwakeInstancesAfterBackupRestoration (10ms)
Failed to load shader (instanceID 456, GUID 5f1864addb451f54bae8c86d230f736e)
Failed to load shader (instanceID 506, GUID 8516d7a69675844a7a0b7095af7c46af)
Failed to load shader (instanceID 526, GUID c8b6a681c7b4e2e4785ffab093907f9e)
Failed to load shader (instanceID 418, GUID ec9fec698a3456d4fb18cf8bacb7a2bc)
Failed to load shader (instanceID 448, GUID 5e7134d6e63e0bc47a1dd2669cedb379)
Failed to load shader (instanceID 486, GUID 0f4122b9a743b744abe2fb6a0a88868b)
Failed to load shader (instanceID 510, GUID d5a307c014552314b9f560906d708772)
Failed to load shader (instanceID 530, GUID 0a7e590f3cf1d4ee8a8fab5b6eff09ef)
Failed to load shader (instanceID 556, GUID 21322c8b137c66e49b86085d3c8161f6)
Failed to load shader (instanceID 512, GUID 8fbe92a9edfe6074e841d6dd1509bc59)
Failed to load shader (instanceID 410, GUID d6dae50ee9e1bfa4db75f19f99355220)
Failed to load shader (instanceID 572, GUID 573620ae32aec764abd4d728906d2587)
Failed to load shader (instanceID 416, GUID 65df88701913c224d95fc554db28381a)
Failed to load shader (instanceID 568, GUID 650dd9526735d5b46b79224bc6e94025)
Failed to load shader (instanceID 450, GUID 2aed67ad60045d54ba3a00c91e2d2631)
Failed to load shader (instanceID 532, GUID 74b1585886a85614aa34e2c8e303c77a)
Failed to load shader (instanceID 462, GUID e8ee25143a34b8c4388709ea947055d1)
Failed to load shader (instanceID 444, GUID 1121bb4e615ca3c48b214e79e841e823)
Failed to load shader (instanceID 414, GUID 04c410c9937594faa893a11dceb85f7e)
Failed to load shader (instanceID 574, GUID 3230fdc399f8287488325e5941a00527)
Failed to load shader (instanceID 576, GUID a16365e8c873daa4c94919438490b905)
Failed to load shader (instanceID 566, GUID 4431b1f1f743fbf4eb310a967890cbea)
Failed to load shader (instanceID 564, GUID e9155b26e1bc55942a41e518703fe304)
Failed to load shader (instanceID 500, GUID 5caf62d8bd7c44596ace77ef9eb8ea31)
Failed to load shader (instanceID 480, GUID f6783ab646d374f94b199774402a5144)
Failed to load shader (instanceID 578, GUID 9c442dc870b456e48b615cd8add0e9ef)
Failed to load shader (instanceID 580, GUID 77cfa04f893eb8745b6a454a3d51b43c)
Failed to load shader (instanceID 570, GUID 19dfbb09098c9584a83c956fbd6c5d79)
Failed to load shader (instanceID 558, GUID 8d2bb70cbf9db8d4da26e15b26e74248)
Failed to load shader (instanceID 582, GUID 0d0f817524897904ba47a6a1d55e7668)
Failed to load shader (instanceID 442, GUID e6e9a19c3678ded42a3bc431ebef7dbd)
Failed to load shader (instanceID 508, GUID d104b2fc1ca6445babb8e90b0758136b)
Failed to load shader (instanceID 420, GUID e7857e9d0c934dc4f83f270f8447b006)
Failed to load shader (instanceID 584, GUID 603d454d711fe784cba9ce08dd22b881)
Failed to load shader (instanceID 562, GUID ee7e4c9a5f6364b688a332c67fc32cca)
Failed to load shader (instanceID 438, GUID de02b375720b5c445afe83cd483bedf3)
Failed to load shader (instanceID 432, GUID 93446b5c5339d4f00b85c159e1159b7c)
Failed to load shader (instanceID 542, GUID 5fd9a8feb75a4b5894c241777f519d4e)
Failed to load shader (instanceID 502, GUID da07703fcc09f8d4799221050659bd55)
Failed to load shader (instanceID 554, GUID e8b802ac01d87144b91f12f40c1f2659)
Failed to load shader (instanceID 586, GUID 0a8f4dcd626bcd14bbbfa5a5e116b16e)
Failed to load shader (instanceID 588, GUID 2df96b66b5510f94b98df2ac6f926ef4)
Failed to load shader (instanceID 494, GUID 69c1f799e772cb6438f56c23efccb782)
Failed to load shader (instanceID 590, GUID 7cbb3655339ec401ca75ba5fe26884f4)
Failed to load shader (instanceID 592, GUID 61e53729ad706d049b12a441f328fe34)
Failed to load shader (instanceID 428, GUID e35a31e1679aeff489e202f5cc4853d5)
Failed to load shader (instanceID 594, GUID 36e335017ad71d54fbb10842863188ae)
Failed to load shader (instanceID 484, GUID 29868e73b638e48ca99a19ea58c48d90)
Failed to load shader (instanceID 460, GUID 6cda457ac28612740adb23da5d39ea92)
Failed to load shader (instanceID 498, GUID 50b406436c6214c49aaaa6011b71dde8)
Failed to load shader (instanceID 434, GUID ce09d4a80b88c5a4eb9768fab4f1ee00)
Failed to load shader (instanceID 596, GUID bedd19944f451ba4d83e7ed69be98d5c)
Failed to load shader (instanceID 472, GUID e39bd598ce13f44ba8af997d3e42cd18)
Failed to load shader (instanceID 458, GUID 131f1b93a4ebd459ba87b6bad055fb33)
Failed to load shader (instanceID 470, GUID 13c02b14c4d048fa9653293d54f6e0e1)
Failed to load shader (instanceID 598, GUID 4386e57b23a56004c93e1d57d2bbcb4f)
Failed to load shader (instanceID 436, GUID 44fc62292b65ab04eabcf310e799ccf6)
Failed to load shader (instanceID 430, GUID c7d04ca57e5449d49ad9cee1c604bc26)
Failed to load shader (instanceID 536, GUID 0ca6dca7396eb48e5849247ffd444914)
Failed to load shader (instanceID 514, GUID b7839dad95683814aa64166edc107ae2)
Failed to load shader (instanceID 424, GUID d79e1c784eaf80c4585c0be7391f757a)
Failed to load shader (instanceID 422, GUID cf852408f2e174538bcd9b7fda1c5ae7)
Failed to load shader (instanceID 464, GUID 562b7ae4f629f144aa97780546fce7c6)
Failed to load shader (instanceID 504, GUID f056d8bd2a1c7e44e9729144b4c70395)
Failed to load shader (instanceID 468, GUID e260cfa7296ee7642b167f1eb5be5023)
Failed to load shader (instanceID 492, GUID 0406db5a14f94604a8c57ccfbc9f3b46)
Failed to load shader (instanceID 600, GUID 95e15a77195eb574ab82aaac18b1c796)
Failed to load shader (instanceID 520, GUID 0849e84e3d62649e8882e9d6f056a017)
Failed to load shader (instanceID 440, GUID 77774d9009bb81447b048c907d4c6273)
Failed to load shader (instanceID 522, GUID 99134b1f0c27d54469a840832a28fadf)
Failed to load shader (instanceID 552, GUID 5ec81c81908db34429b4f6ddecadd3bd)
Failed to load shader (instanceID 452, GUID 1edcd131364091c46a17cbff0b1de97a)
Failed to load shader (instanceID 548, GUID 7f888aff2ac86494babad1c2c5daeee2)
Failed to load shader (instanceID 446, GUID 63eaba0ebfb82cc43bde059b4a8c65f6)
Failed to load shader (instanceID 546, GUID 60e10855641b4d84da68ec72e6f6eeb8)
Failed to load shader (instanceID 408, GUID c17132b1f77d20942aa75f8429c0f8bc)
Failed to load shader (instanceID 466, GUID c49e63ed1bbcb334780a3bd19dfed403)
Failed to load shader (instanceID 524, GUID a89bee29cffa951418fc1e2da94d1959)
Failed to load shader (instanceID 518, GUID c56b7e0d4c7cb484e959caeeedae9bbf)
Failed to load shader (instanceID 454, GUID a15b78cf8ca26ca4fb2090293153c62c)
Failed to load shader (instanceID 490, GUID 933532a4fcc9baf4fa0491de14d08ed7)
Failed to load shader (instanceID 482, GUID e507fdfead5ca47e8b9a768b51c291a1)
Failed to load shader (instanceID 544, GUID 7b3ede40266cd49a395def176e1bc486)
Failed to load shader (instanceID 426, GUID 7e60080c8cd24a2468cb08b4bfee5606)
Failed to load shader (instanceID 412, GUID 0f854b35a0cf61a429bd5dcfea30eddd)
Refreshing native plugins compatible for Editor in 5.26 ms, found 4 plugins.
Preloading 0 native plugins for Editor in 0.00 ms.
Unloading 2 Unused Serialized files (Serialized files now loaded: 0)
Unloading 1 unused Assets / (5.3 KB). Loaded Objects now: 499.
Memory consumption went from 72.4 MB to 72.4 MB.
Total: 3.449000 ms (FindLiveObjects: 0.035900 ms CreateObjectMapping: 0.003500 ms MarkObjects: 3.393600 ms  DeleteObjects: 0.014500 ms)

Prepare: number of updated asset objects reloaded= 0
AssetImportParameters requested are different than current active one (requested -> active):
  custom:container-demuxer-ogg: 62fdf1f143b41e24485cea50d1cbac27 -> 
  custom:video-codec-MediaFoundation-h265: 746d11721c4dcdbdad8f713fa42b33f4 -> 
  custom:video-decoder-ogg-theora: a1e56fd34408186e4bbccfd4996cb3dc -> 
  custom:scripting/monoscript/fileName/Simulation2D.cs: b21687ddb03d73bd9f0c1daecb9714de -> 
  custom:framework-win-MediaFoundation: 216162199b28c13a410421893ffa2e32 -> 
  custom:scripting/monoscript/fileName/NewBehaviourScript.cs: b21687ddb03d73bd9f0c1daecb9714de -> 
  custom:CustomObjectIndexerAttribute: 72b91833f83ae208fae7752999fa3104 -> 
  custom:container-demuxer-webm: 4f35f7cbe854078d1ac9338744f61a02 -> 
  custom:container-muxer-webm: aa71ff27fc2769a1b78a27578f13a17b -> 
  custom:video-decoder-webm-vp8: 9c59270c3fd7afecdb556c50c9e8de78 -> 
  custom:SearchIndexIgnoredProperties: e643bd26f0fe6173181afceb89e7c659 -> 
  custom:AudioImporter_EditorPlatform: d09bf68614088b80899f8185d706f6e7 -> 
  custom:video-encoder-webm-vp8: eb34c28f22e8b96e1ab97ce403110664 -> 
  custom:audio-decoder-ogg-vorbis: bf7c407c2cedff20999df2af8eb42d56 -> 
  custom:scripting/monoscript/fileName/SphereDrawer.cs: d4e0edd150494611f73020729b04eeb8 -> 
  custom:audio-encoder-webm-vorbis: bf7c407c2cedff20999df2af8eb42d56 -> 
